[2024-11-28T03:26:49.527329600] Conectado al servidor en localhost:12345
[2024-11-28T03:27:04.427495800] Conectado al servidor en localhost:12345
[2024-11-28T03:43:51.918729400] Conectado al servidor en localhost:12345
[2024-11-28T03:43:52.237336500] Mensaje recibido del servidor: getName
[2024-11-28T03:46:50.221315] Conectado al servidor en localhost:12345
[2024-11-28T03:46:50.656300400] Mensaje recibido del servidor: getName
[2024-11-28T03:50:09.515100600] Conectado al servidor en localhost:12345
[2024-11-28T03:50:09.863126500] Mensaje recibido del servidor: getName
[2024-11-28T03:54:20.710718800] Conectado al servidor en localhost:12345
[2024-11-28T03:54:21.078746200] Mensaje recibido del servidor: getName
[2024-11-28T03:55:20.609748400] Conectado al servidor en localhost:12345
[2024-11-28T03:55:20.879786600] Mensaje recibido del servidor: getName
[2024-11-28T03:56:27.438721400] Conectado al servidor en localhost:12345
[2024-11-28T03:56:27.495726600] Mensaje recibido del servidor: getName
[2024-11-28T03:59:36.823598900] Conectado al servidor en localhost:12345
[2024-11-28T03:59:36.927605800] Mensaje recibido del servidor: getName
[2024-11-28T04:00:14.809309900] Conectado al servidor en localhost:12345
[2024-11-28T04:00:14.973583500] Mensaje recibido del servidor: getName
[2024-11-28T08:29:26.606940200] Conectado al servidor en localhost:12345
[2024-11-28T08:29:26.741970100] Mensaje recibido del servidor: getName
[2024-11-28T08:29:52.789814900] Conectado al servidor en localhost:12345
[2024-11-28T08:29:52.857819300] Mensaje recibido del servidor: getName
[2024-11-28T08:32:31.328594300] Error al conectar al servidor: Connection refused: connect
[2024-11-28T08:34:29.166630600] Error al conectar al servidor: Connection refused: connect
[2024-11-28T10:39:27.505664700] Conectado al servidor en localhost:12345
[2024-11-28T10:39:27.697677500] Mensaje recibido del servidor: getName
[2024-11-28T10:39:40.943146] Conectado al servidor en localhost:12345
[2024-11-28T10:39:41.140160900] Mensaje recibido del servidor: getName
[2024-11-28T10:43:33.526360700] Conectado al servidor en localhost:12345
[2024-11-28T10:43:33.735376] Mensaje recibido del servidor: getName
[2024-11-28T10:43:45.967403900] Conectado al servidor en localhost:12345
[2024-11-28T10:43:46.000408800] Mensaje recibido del servidor: getName
[2024-11-28T10:51:41.717090200] Conectado al servidor en localhost:12345
[2024-11-28T10:51:41.866100900] Mensaje recibido del servidor: getName
[2024-11-28T10:51:54.945868900] Conectado al servidor en localhost:12345
[2024-11-28T10:51:54.994381300] Mensaje recibido del servidor: getName
[2024-11-28T10:53:04.719752400] Conectado al servidor en localhost:12345
[2024-11-28T10:53:04.756753] Mensaje recibido del servidor: getName
[2024-11-28T10:53:35.793095200] Conectado al servidor en localhost:12345
[2024-11-28T10:53:35.829098200] Mensaje recibido del servidor: getName
[2024-11-28T10:59:05.744171100] Conectado al servidor en localhost:12345
[2024-11-28T10:59:05.924212400] Mensaje recibido del servidor: getName
[2024-11-28T10:59:20.160334400] Conectado al servidor en localhost:12345
[2024-11-28T10:59:20.284343500] Mensaje recibido del servidor: getName
[2024-11-28T11:00:58.043691200] Conectado al servidor en localhost:12345
[2024-11-28T11:00:58.119696800] Mensaje recibido del servidor: getName
[2024-11-28T11:01:10.671996800] Conectado al servidor en localhost:12345
[2024-11-28T11:01:10.723999900] Mensaje recibido del servidor: getName
[2024-11-28T11:02:08.147522800] Mensaje recibido del servidor: start
[2024-11-28T11:05:20.164399200] Conectado al servidor en localhost:12345
[2024-11-28T11:05:20.324410700] Mensaje recibido del servidor: getName
[2024-11-28T11:05:33.658456500] Conectado al servidor en localhost:12345
[2024-11-28T11:05:33.690458900] Mensaje recibido del servidor: getName
[2024-11-28T11:06:24.289239100] Mensaje recibido del servidor: start
[2024-11-28T11:06:25.393440200] Mensaje recibido del servidor: start
[2024-11-28T11:11:18.219338] Conectado al servidor en localhost:12345
[2024-11-28T11:11:18.394349900] Mensaje recibido del servidor: getName
[2024-11-28T11:11:32.482774900] Conectado al servidor en localhost:12345
[2024-11-28T11:11:32.554780100] Mensaje recibido del servidor: getName
[2024-11-28T11:14:33.536928600] Conectado al servidor en localhost:12345
[2024-11-28T11:14:33.577931900] Mensaje recibido del servidor: getName
[2024-11-28T11:14:48.853740200] Conectado al servidor en localhost:12345
[2024-11-28T11:14:48.913744900] Mensaje recibido del servidor: getName
[2024-11-28T11:15:40.337734100] Mensaje recibido del servidor: start
[2024-11-28T11:15:47.253888900] Mensaje recibido del servidor: startTurn
[2024-11-28T11:15:47.255888300] Mensaje recibido del servidor: startTurn
[2024-11-28T11:15:47.255888300] Mensaje recibido del servidor: updateTurnStatus
[2024-11-28T11:15:47.264889600] Mensaje recibido del servidor: updateTurnStatus
[2024-11-28T11:15:55.154608] Mensaje recibido del servidor: startTurn
[2024-11-28T11:15:55.154608] Mensaje recibido del servidor: startTurn
[2024-11-28T11:15:55.155608300] Mensaje recibido del servidor: updateTurnStatus
[2024-11-28T11:15:55.156608100] Mensaje recibido del servidor: updateTurnStatus
[2024-11-28T11:15:57.089252300] Mensaje recibido del servidor: startTurn
[2024-11-28T11:15:57.091251700] Mensaje recibido del servidor: updateTurnStatus
[2024-11-28T11:15:57.092251300] Mensaje recibido del servidor: startTurn
[2024-11-28T11:15:57.092251300] Mensaje recibido del servidor: updateTurnStatus
[2024-11-28T11:15:57.363216600] Mensaje recibido del servidor: startTurn
[2024-11-28T11:15:57.364217600] Mensaje recibido del servidor: startTurn
[2024-11-28T11:15:57.366217200] Mensaje recibido del servidor: updateTurnStatus
[2024-11-28T11:15:57.366217200] Mensaje recibido del servidor: updateTurnStatus
[2024-11-28T11:16:07.642074100] Mensaje recibido del servidor: startTurn
[2024-11-28T11:16:07.645074300] Mensaje recibido del servidor: updateTurnStatus
[2024-11-28T11:16:07.646074200] Mensaje recibido del servidor: startTurn
[2024-11-28T11:16:07.646074200] Mensaje recibido del servidor: updateTurnStatus
[2024-11-28T11:16:08.972977100] Mensaje recibido del servidor: startTurn
[2024-11-28T11:16:08.974978] Mensaje recibido del servidor: startTurn
[2024-11-28T11:16:08.974978] Mensaje recibido del servidor: updateTurnStatus
[2024-11-28T11:16:08.989978300] Mensaje recibido del servidor: updateTurnStatus
[2024-11-28T11:16:09.414044600] Mensaje recibido del servidor: startTurn
[2024-11-28T11:16:09.416045200] Mensaje recibido del servidor: startTurn
[2024-11-28T11:16:09.417045400] Mensaje recibido del servidor: updateTurnStatus
[2024-11-28T11:16:09.425044900] Mensaje recibido del servidor: updateTurnStatus
[2024-11-28T11:16:09.657001600] Mensaje recibido del servidor: startTurn
[2024-11-28T11:16:09.658001800] Mensaje recibido del servidor: startTurn
[2024-11-28T11:16:09.658001800] Mensaje recibido del servidor: updateTurnStatus
[2024-11-28T11:16:09.662002600] Mensaje recibido del servidor: updateTurnStatus
[2024-11-28T11:16:09.912999900] Mensaje recibido del servidor: startTurn
[2024-11-28T11:16:09.914] Mensaje recibido del servidor: startTurn
[2024-11-28T11:16:09.914] Mensaje recibido del servidor: updateTurnStatus
[2024-11-28T11:16:09.914999800] Mensaje recibido del servidor: updateTurnStatus
[2024-11-28T11:16:10.217041300] Mensaje recibido del servidor: startTurn
[2024-11-28T11:16:10.217041300] Mensaje recibido del servidor: startTurn
[2024-11-28T11:16:10.217041300] Mensaje recibido del servidor: updateTurnStatus
[2024-11-28T11:16:10.218042200] Mensaje recibido del servidor: updateTurnStatus
[2024-11-28T11:16:10.847744500] Mensaje recibido del servidor: start
[2024-11-28T11:19:07.733965100] Conectado al servidor en localhost:12345
[2024-11-28T11:19:07.870974900] Mensaje recibido del servidor: getName
[2024-11-28T11:19:19.922695600] Conectado al servidor en localhost:12345
[2024-11-28T11:19:19.967700] Mensaje recibido del servidor: getName
[2024-11-28T11:19:40.053585500] Mensaje recibido del servidor: start
[2024-11-28T11:19:45.554687200] Mensaje recibido del servidor: startTurn
[2024-11-28T11:25:02.406166600] Conectado al servidor en localhost:12345
[2024-11-28T11:25:02.557177100] Mensaje recibido del servidor: getName
[2024-11-28T11:25:17.702816500] Conectado al servidor en localhost:12345
[2024-11-28T11:25:17.736329500] Mensaje recibido del servidor: getName
[2024-11-28T11:25:41.950213500] Mensaje recibido del servidor: start
[2024-11-28T11:25:41.954214600] Mensaje recibido del servidor: startTurn
[2024-11-28T11:25:41.954214600] Mensaje recibido del servidor: updateTurnStatus
[2024-11-28T11:25:41.962214600] Mensaje recibido del servidor: startTurn
[2024-11-28T11:25:41.963214800] Mensaje recibido del servidor: updateTurnStatus
[2024-11-28T11:25:46.109477700] Mensaje recibido del servidor: startTurn
[2024-11-28T11:25:46.111478400] Mensaje recibido del servidor: updateTurnStatus
[2024-11-28T11:25:46.110478700] Mensaje recibido del servidor: startTurn
[2024-11-28T11:25:46.112478500] Mensaje recibido del servidor: updateTurnStatus
[2024-11-28T11:25:48.392026400] Mensaje recibido del servidor: startTurn
[2024-11-28T11:25:48.394027400] Mensaje recibido del servidor: updateTurnStatus
[2024-11-28T11:25:48.393028400] Mensaje recibido del servidor: startTurn
[2024-11-28T11:25:48.395026600] Mensaje recibido del servidor: updateTurnStatus
[2024-11-28T11:25:48.540038600] Mensaje recibido del servidor: startTurn
[2024-11-28T11:25:48.540038600] Mensaje recibido del servidor: startTurn
[2024-11-28T11:25:48.540038600] Mensaje recibido del servidor: updateTurnStatus
[2024-11-28T11:25:48.547037900] Mensaje recibido del servidor: updateTurnStatus
[2024-11-28T11:25:48.656046100] Mensaje recibido del servidor: startTurn
[2024-11-28T11:25:48.657046500] Mensaje recibido del servidor: startTurn
[2024-11-28T11:25:48.657046500] Mensaje recibido del servidor: updateTurnStatus
[2024-11-28T11:25:48.663046900] Mensaje recibido del servidor: updateTurnStatus
[2024-11-28T11:25:48.761054300] Mensaje recibido del servidor: startTurn
[2024-11-28T11:25:48.763053800] Mensaje recibido del servidor: startTurn
[2024-11-28T11:25:48.763053800] Mensaje recibido del servidor: updateTurnStatus
[2024-11-28T11:25:48.779054900] Mensaje recibido del servidor: updateTurnStatus
[2024-11-28T11:25:48.908097800] Mensaje recibido del servidor: startTurn
[2024-11-28T11:25:48.912097200] Mensaje recibido del servidor: updateTurnStatus
[2024-11-28T11:25:48.913099600] Mensaje recibido del servidor: startTurn
[2024-11-28T11:25:48.925098600] Mensaje recibido del servidor: updateTurnStatus
[2024-11-28T11:27:24.667550800] Conectado al servidor en localhost:12345
[2024-11-28T11:27:24.837073800] Mensaje recibido del servidor: getName
[2024-11-28T11:28:02.856109500] Conectado al servidor en localhost:12345
[2024-11-28T11:28:02.892110600] Mensaje recibido del servidor: getName
[2024-11-28T11:28:25.128770900] Mensaje recibido del servidor: start
[2024-11-28T11:28:25.130771700] Mensaje recibido del servidor: startTurn
[2024-11-28T11:28:25.130771700] Mensaje recibido del servidor: updateTurnStatus
[2024-11-28T11:28:25.136771900] Mensaje recibido del servidor: updateTurnStatus
[2024-11-28T11:28:27.407644100] Mensaje recibido del servidor: startTurn
[2024-11-28T11:28:27.409638100] Mensaje recibido del servidor: updateTurnStatus
[2024-11-28T11:28:27.409638100] Mensaje recibido del servidor: updateTurnStatus
[2024-11-28T11:28:32.420552700] Mensaje recibido del servidor: startTurn
[2024-11-28T11:28:32.423553200] Mensaje recibido del servidor: updateTurnStatus
[2024-11-28T11:28:32.443059400] Mensaje recibido del servidor: updateTurnStatus
[2024-11-28T11:28:36.442581800] Mensaje recibido del servidor: startTurn
[2024-11-28T11:28:36.444582400] Mensaje recibido del servidor: updateTurnStatus
[2024-11-28T11:28:36.455583300] Mensaje recibido del servidor: updateTurnStatus
[2024-11-28T11:30:54.629919500] Conectado al servidor en localhost:12345
[2024-11-28T11:30:54.812933700] Mensaje recibido del servidor: getName
[2024-11-28T11:31:09.896509700] Conectado al servidor en localhost:12345
[2024-11-28T11:31:09.936513100] Mensaje recibido del servidor: getName
[2024-11-28T11:31:51.964844700] Mensaje recibido del servidor: start
[2024-11-28T11:31:51.968844900] Mensaje recibido del servidor: startTurn
[2024-11-28T11:31:51.968844900] Mensaje recibido del servidor: updateTurnStatus
[2024-11-28T11:31:51.976846400] Mensaje recibido del servidor: startTurn
[2024-11-28T11:31:51.976846400] Mensaje recibido del servidor: updateTurnStatus
[2024-11-28T11:31:56.286369800] Mensaje recibido del servidor: startTurn
[2024-11-28T11:31:56.287369300] Mensaje recibido del servidor: startTurn
[2024-11-28T11:31:56.287369300] Mensaje recibido del servidor: updateTurnStatus
[2024-11-28T11:31:56.307880400] Mensaje recibido del servidor: updateTurnStatus
[2024-11-28T11:35:34.032126] Conectado al servidor en localhost:12345
[2024-11-28T11:35:34.207138100] Mensaje recibido del servidor: getName
[2024-11-28T11:36:02.336500900] Conectado al servidor en localhost:12345
[2024-11-28T11:36:02.388504] Mensaje recibido del servidor: getName
[2024-11-28T11:36:18.795333300] Mensaje recibido del servidor: start
[2024-11-28T11:36:18.796332700] Mensaje recibido del servidor: updateTurnStatus
[2024-11-28T11:36:18.804333500] Mensaje recibido del servidor: startTurn
[2024-11-28T11:36:18.805334400] Mensaje recibido del servidor: updateTurnStatus
[2024-11-28T11:36:23.706254800] Mensaje recibido del servidor: startTurn
[2024-11-28T11:36:23.706254800] Mensaje recibido del servidor: updateTurnStatus
[2024-11-28T11:36:23.707255200] Mensaje recibido del servidor: updateTurnStatus
[2024-11-28T11:36:25.855536800] Mensaje recibido del servidor: updateTurnStatus
[2024-11-28T11:36:25.856536900] Mensaje recibido del servidor: startTurn
[2024-11-28T11:36:25.856536900] Mensaje recibido del servidor: updateTurnStatus
[2024-11-28T11:39:24.999943400] Conectado al servidor en localhost:12345
[2024-11-28T11:39:25.186978400] Mensaje recibido del servidor: getName
[2024-11-28T11:39:38.535111700] Conectado al servidor en localhost:12345
[2024-11-28T11:39:38.567114400] Mensaje recibido del servidor: getName
[2024-11-28T11:39:59.119393700] Mensaje recibido del servidor: start
[2024-11-28T11:39:59.121397] Mensaje recibido del servidor: updateTurnStatus
[2024-11-28T11:39:59.127394300] Mensaje recibido del servidor: startTurn
[2024-11-28T11:39:59.128395400] Mensaje recibido del servidor: updateTurnStatus
[2024-11-28T11:40:01.366439500] Mensaje recibido del servidor: updateTurnStatus
[2024-11-28T11:40:01.369441500] Mensaje recibido del servidor: startTurn
[2024-11-28T11:40:01.370440100] Mensaje recibido del servidor: updateTurnStatus
[2024-11-28T11:40:02.672400200] Mensaje recibido del servidor: updateTurnStatus
[2024-11-28T11:40:02.674398300] Mensaje recibido del servidor: startTurn
[2024-11-28T11:40:02.676398200] Mensaje recibido del servidor: updateTurnStatus
[2024-11-28T11:40:03.803869100] Mensaje recibido del servidor: updateTurnStatus
[2024-11-28T11:40:03.803869100] Mensaje recibido del servidor: startTurn
[2024-11-28T11:40:03.804868700] Mensaje recibido del servidor: updateTurnStatus
[2024-11-28T11:40:42.120233300] Conectado al servidor en localhost:12345
[2024-11-28T11:40:42.177237600] Mensaje recibido del servidor: getName
[2024-11-28T11:40:53.465039500] Conectado al servidor en localhost:12345
[2024-11-28T11:40:53.525043900] Mensaje recibido del servidor: getName
[2024-11-28T11:41:03.385582900] Conectado al servidor en localhost:12345
[2024-11-28T11:41:03.434585800] Mensaje recibido del servidor: getName
[2024-11-28T11:41:22.617806100] Mensaje recibido del servidor: start
[2024-11-28T11:41:22.617806100] Mensaje recibido del servidor: start
[2024-11-28T11:41:22.619805200] Mensaje recibido del servidor: updateTurnStatus
[2024-11-28T11:41:22.629805] Mensaje recibido del servidor: updateTurnStatus
[2024-11-28T11:41:22.630806100] Mensaje recibido del servidor: startTurn
[2024-11-28T11:41:22.651807100] Mensaje recibido del servidor: updateTurnStatus
[2024-11-28T11:41:28.973614800] Mensaje recibido del servidor: startTurn
[2024-11-28T11:41:28.978615200] Mensaje recibido del servidor: updateTurnStatus
[2024-11-28T11:41:28.979615400] Mensaje recibido del servidor: updateTurnStatus
[2024-11-28T11:41:28.981615800] Mensaje recibido del servidor: updateTurnStatus
[2024-11-28T11:41:32.994694400] Mensaje recibido del servidor: updateTurnStatus
[2024-11-28T11:41:32.997695] Mensaje recibido del servidor: updateTurnStatus
[2024-11-28T11:41:32.998696200] Mensaje recibido del servidor: startTurn
[2024-11-28T11:41:32.998696200] Mensaje recibido del servidor: updateTurnStatus
[2024-11-28T11:41:36.583859400] Mensaje recibido del servidor: updateTurnStatus
[2024-11-28T11:41:36.583859400] Mensaje recibido del servidor: startTurn
[2024-11-28T11:41:36.585859700] Mensaje recibido del servidor: updateTurnStatus
[2024-11-28T11:41:36.592859700] Mensaje recibido del servidor: updateTurnStatus
[2024-11-28T11:41:38.914400600] Mensaje recibido del servidor: startTurn
[2024-11-28T11:41:38.914400600] Mensaje recibido del servidor: updateTurnStatus
[2024-11-28T11:41:38.914400600] Mensaje recibido del servidor: updateTurnStatus
[2024-11-28T11:41:38.915401100] Mensaje recibido del servidor: updateTurnStatus
[2024-11-28T11:41:39.829538600] Mensaje recibido del servidor: updateTurnStatus
[2024-11-28T11:41:39.831538100] Mensaje recibido del servidor: updateTurnStatus
[2024-11-28T11:41:39.831538100] Mensaje recibido del servidor: startTurn
[2024-11-28T11:41:39.833538800] Mensaje recibido del servidor: updateTurnStatus
[2024-11-28T11:41:40.693738300] Mensaje recibido del servidor: startTurn
[2024-11-28T11:41:40.693738300] Mensaje recibido del servidor: updateTurnStatus
[2024-11-28T11:41:40.695738400] Mensaje recibido del servidor: updateTurnStatus
[2024-11-28T11:41:40.695738400] Mensaje recibido del servidor: updateTurnStatus
[2024-11-28T11:41:41.876862] Mensaje recibido del servidor: updateTurnStatus
[2024-11-28T11:41:41.877863300] Mensaje recibido del servidor: startTurn
[2024-11-28T11:41:41.877863300] Mensaje recibido del servidor: updateTurnStatus
[2024-11-28T11:41:41.879863700] Mensaje recibido del servidor: updateTurnStatus
[2024-11-28T11:41:43.533804200] Mensaje recibido del servidor: startTurn
[2024-11-28T11:41:43.533804200] Mensaje recibido del servidor: updateTurnStatus
[2024-11-28T11:41:43.533804200] Mensaje recibido del servidor: updateTurnStatus
[2024-11-28T11:41:43.540805300] Mensaje recibido del servidor: updateTurnStatus
[2024-11-28T11:41:44.706527400] Mensaje recibido del servidor: updateTurnStatus
[2024-11-28T11:41:44.709527400] Mensaje recibido del servidor: startTurn
[2024-11-28T11:41:44.709527400] Mensaje recibido del servidor: updateTurnStatus
[2024-11-28T11:41:44.710527700] Mensaje recibido del servidor: updateTurnStatus
[2024-11-28T11:43:41.759421900] Conectado al servidor en localhost:12345
[2024-11-28T11:43:41.956436400] Mensaje recibido del servidor: getName
[2024-11-28T11:43:47.294670500] Conectado al servidor en localhost:12345
[2024-11-28T11:43:47.326673500] Mensaje recibido del servidor: getName
[2024-11-28T11:44:07.549853800] Mensaje recibido del servidor: start
[2024-11-28T11:44:07.551853600] Mensaje recibido del servidor: updateTurnStatus
[2024-11-28T11:44:07.560855300] Mensaje recibido del servidor: startTurn
[2024-11-28T11:44:07.579854500] Mensaje recibido del servidor: updateTurnStatus
[2024-11-28T11:44:10.419255600] Mensaje recibido del servidor: updateTurnStatus
[2024-11-28T11:44:10.419255600] Mensaje recibido del servidor: startTurn
[2024-11-28T11:44:10.420256700] Mensaje recibido del servidor: updateTurnStatus
[2024-11-28T11:44:11.853272] Mensaje recibido del servidor: updateTurnStatus
[2024-11-28T11:44:11.854273300] Mensaje recibido del servidor: startTurn
[2024-11-28T11:44:11.856272400] Mensaje recibido del servidor: updateTurnStatus
[2024-11-28T11:44:21.433415100] Mensaje recibido del servidor: updateTurnStatus
[2024-11-28T11:44:21.434416300] Mensaje recibido del servidor: startTurn
[2024-11-28T11:44:21.435416300] Mensaje recibido del servidor: updateTurnStatus
[2024-11-28T11:44:22.665846900] Mensaje recibido del servidor: updateTurnStatus
[2024-11-28T11:44:22.666846600] Mensaje recibido del servidor: startTurn
[2024-11-28T11:44:22.668848] Mensaje recibido del servidor: updateTurnStatus
[2024-11-28T11:44:25.153856900] Mensaje recibido del servidor: updateTurnStatus
[2024-11-28T11:44:25.154857600] Mensaje recibido del servidor: startTurn
[2024-11-28T11:44:25.155856800] Mensaje recibido del servidor: updateTurnStatus
[2024-11-28T11:45:27.251388700] Mensaje recibido del servidor: updateTurnStatus
[2024-11-28T11:45:27.252388500] Mensaje recibido del servidor: startTurn
[2024-11-28T11:45:27.253388900] Mensaje recibido del servidor: updateTurnStatus
[2024-11-28T11:45:29.234583200] Mensaje recibido del servidor: updateTurnStatus
[2024-11-28T11:45:29.235583400] Mensaje recibido del servidor: startTurn
[2024-11-28T11:45:29.239583400] Mensaje recibido del servidor: updateTurnStatus
[2024-11-28T11:48:12.790916200] Conectado al servidor en localhost:12345
[2024-11-28T11:48:12.821917300] Mensaje recibido del servidor: getName
[2024-11-28T11:48:25.172570500] Conectado al servidor en localhost:12345
[2024-11-28T11:48:25.216574] Mensaje recibido del servidor: getName
[2024-11-28T11:49:37.809800100] Conectado al servidor en localhost:12345
[2024-11-28T11:49:38.043818800] Mensaje recibido del servidor: getName
[2024-11-28T11:49:42.735453900] Conectado al servidor en localhost:12345
[2024-11-28T11:49:42.769456800] Mensaje recibido del servidor: getName
[2024-11-28T11:50:19.389866] Mensaje recibido del servidor: start
[2024-11-28T11:50:19.391866400] Mensaje recibido del servidor: updateTurnStatus
[2024-11-28T11:50:19.404868600] Mensaje recibido del servidor: startTurn
[2024-11-28T11:50:19.404868600] Mensaje recibido del servidor: updateTurnStatus
[2024-11-28T11:50:25.957357400] Mensaje recibido del servidor: startTurn
[2024-11-28T11:50:25.958357900] Mensaje recibido del servidor: updateTurnStatus
[2024-11-28T11:50:25.958357900] Mensaje recibido del servidor: updateTurnStatus
[2024-11-28T11:50:27.893445800] Mensaje recibido del servidor: startTurn
[2024-11-28T11:50:27.893445800] Mensaje recibido del servidor: updateTurnStatus
[2024-11-28T11:50:27.895447100] Mensaje recibido del servidor: updateTurnStatus
[2024-11-28T11:50:28.879277400] Mensaje recibido del servidor: startTurn
[2024-11-28T11:50:28.882277200] Mensaje recibido del servidor: updateTurnStatus
[2024-11-28T11:50:28.893277600] Mensaje recibido del servidor: updateTurnStatus
[2024-11-28T11:50:29.772107400] Mensaje recibido del servidor: startTurn
[2024-11-28T11:50:29.773108700] Mensaje recibido del servidor: updateTurnStatus
[2024-11-28T11:50:29.774107900] Mensaje recibido del servidor: updateTurnStatus
[2024-11-28T11:50:30.937452100] Mensaje recibido del servidor: startTurn
[2024-11-28T11:50:30.938452700] Mensaje recibido del servidor: updateTurnStatus
[2024-11-28T11:50:30.939452200] Mensaje recibido del servidor: updateTurnStatus
[2024-11-28T11:50:31.979899100] Mensaje recibido del servidor: startTurn
[2024-11-28T11:50:31.982898700] Mensaje recibido del servidor: updateTurnStatus
[2024-11-28T11:50:31.995898500] Mensaje recibido del servidor: updateTurnStatus
[2024-11-28T11:50:32.862336700] Mensaje recibido del servidor: startTurn
[2024-11-28T11:50:32.863337400] Mensaje recibido del servidor: updateTurnStatus
[2024-11-28T11:50:32.878337500] Mensaje recibido del servidor: updateTurnStatus
[2024-11-28T11:50:37.662241700] Mensaje recibido del servidor: startTurn
[2024-11-28T11:50:37.663243200] Mensaje recibido del servidor: updateTurnStatus
[2024-11-28T11:50:37.675243400] Mensaje recibido del servidor: updateTurnStatus
[2024-11-28T11:50:38.862425200] Mensaje recibido del servidor: startTurn
[2024-11-28T11:50:38.862425200] Mensaje recibido del servidor: updateTurnStatus
[2024-11-28T11:50:38.876425500] Mensaje recibido del servidor: updateTurnStatus
[2024-11-28T11:50:40.202366] Mensaje recibido del servidor: startTurn
[2024-11-28T11:50:40.203365600] Mensaje recibido del servidor: updateTurnStatus
[2024-11-28T11:50:40.203365600] Mensaje recibido del servidor: updateTurnStatus
[2024-11-28T11:50:42.728404400] Mensaje recibido del servidor: updateTurnStatus
[2024-11-28T11:50:42.730404700] Mensaje recibido del servidor: startTurn
[2024-11-28T11:50:42.731404700] Mensaje recibido del servidor: updateTurnStatus
[2024-11-28T11:50:44.743389700] Mensaje recibido del servidor: updateTurnStatus
[2024-11-28T11:50:44.745389700] Mensaje recibido del servidor: startTurn
[2024-11-28T11:50:44.745389700] Mensaje recibido del servidor: updateTurnStatus
[2024-11-28T11:50:45.777244800] Mensaje recibido del servidor: updateTurnStatus
[2024-11-28T11:50:45.778246500] Mensaje recibido del servidor: startTurn
[2024-11-28T11:50:45.778246500] Mensaje recibido del servidor: updateTurnStatus
[2024-11-28T11:50:46.643052] Mensaje recibido del servidor: updateTurnStatus
[2024-11-28T11:50:46.645052100] Mensaje recibido del servidor: startTurn
[2024-11-28T11:50:46.646052900] Mensaje recibido del servidor: updateTurnStatus
[2024-11-28T11:53:46.484295800] Conectado al servidor en localhost:12345
[2024-11-28T11:53:46.545325] Mensaje recibido del servidor: getName
[2024-11-28T11:54:00.465452200] Conectado al servidor en localhost:12345
[2024-11-28T11:54:00.512454500] Mensaje recibido del servidor: getName
[2024-11-28T11:54:24.948862300] Mensaje recibido del servidor: start
[2024-11-28T11:54:24.949863200] Mensaje recibido del servidor: updateTurnStatus
[2024-11-28T11:54:24.957863100] Mensaje recibido del servidor: startTurn
[2024-11-28T11:54:24.958864500] Mensaje recibido del servidor: updateTurnStatus
[2024-11-28T11:54:26.546032300] Mensaje recibido del servidor: updateTurnStatus
[2024-11-28T11:54:26.549031800] Mensaje recibido del servidor: startTurn
[2024-11-28T11:54:26.549031800] Mensaje recibido del servidor: updateTurnStatus
[2024-11-28T11:54:27.746595] Mensaje recibido del servidor: updateTurnStatus
[2024-11-28T11:54:27.746595] Mensaje recibido del servidor: startTurn
[2024-11-28T11:54:27.749595600] Mensaje recibido del servidor: updateTurnStatus
[2024-11-28T11:54:28.560481300] Mensaje recibido del servidor: updateTurnStatus
[2024-11-28T11:54:28.560481300] Mensaje recibido del servidor: startTurn
[2024-11-28T11:54:28.562481100] Mensaje recibido del servidor: updateTurnStatus
[2024-11-28T11:54:29.269030900] Mensaje recibido del servidor: startTurn
[2024-11-28T11:54:29.270031900] Mensaje recibido del servidor: updateTurnStatus
[2024-11-28T11:54:29.271031400] Mensaje recibido del servidor: updateTurnStatus
[2024-11-28T11:54:29.896801] Mensaje recibido del servidor: updateTurnStatus
[2024-11-28T11:54:29.897801] Mensaje recibido del servidor: startTurn
[2024-11-28T11:54:29.897801] Mensaje recibido del servidor: updateTurnStatus
[2024-11-28T11:54:30.479624900] Mensaje recibido del servidor: updateTurnStatus
[2024-11-28T11:54:30.481624800] Mensaje recibido del servidor: startTurn
[2024-11-28T11:54:30.482625600] Mensaje recibido del servidor: updateTurnStatus
[2024-11-28T11:54:30.992659200] Mensaje recibido del servidor: updateTurnStatus
[2024-11-28T11:54:30.992659200] Mensaje recibido del servidor: startTurn
[2024-11-28T11:54:30.993658800] Mensaje recibido del servidor: updateTurnStatus
[2024-11-28T11:54:31.848687800] Mensaje recibido del servidor: updateTurnStatus
[2024-11-28T11:54:31.849688600] Mensaje recibido del servidor: startTurn
[2024-11-28T11:54:31.851688] Mensaje recibido del servidor: updateTurnStatus
[2024-11-28T11:59:01.108830] Conectado al servidor en localhost:12345
[2024-11-28T11:59:01.286842300] Mensaje recibido del servidor: getName
[2024-11-28T11:59:01.604914400] Conectado al servidor en localhost:12345
[2024-11-28T11:59:01.668920500] Mensaje recibido del servidor: getName
[2024-11-28T12:43:44.651008900] Conectado al servidor en localhost:12345
[2024-11-28T12:43:44.851534500] Mensaje recibido del servidor: getName
[2024-11-28T12:43:54.217955200] Conectado al servidor en localhost:12345
[2024-11-28T12:43:54.283960400] Mensaje recibido del servidor: getName
[2024-11-28T12:44:17.080802200] Mensaje recibido del servidor: start
[2024-11-28T12:44:17.082802700] Mensaje recibido del servidor: updateTurnStatus
[2024-11-28T12:44:17.093803700] Mensaje recibido del servidor: startTurn
[2024-11-28T12:44:17.094804100] Mensaje recibido del servidor: updateTurnStatus
[2024-11-28T12:44:39.152918] Mensaje recibido del servidor: tomarTablero
[2024-11-28T12:48:56.206723500] Conectado al servidor en localhost:12345
[2024-11-28T12:48:56.435740] Mensaje recibido del servidor: getName
[2024-11-28T12:49:05.466455600] Conectado al servidor en localhost:12345
[2024-11-28T12:49:05.495457] Mensaje recibido del servidor: getName
[2024-11-28T12:49:18.992580700] Mensaje recibido del servidor: start
[2024-11-28T12:49:18.993580200] Mensaje recibido del servidor: updateTurnStatus
[2024-11-28T12:49:19.000365100] Mensaje recibido del servidor: startTurn
[2024-11-28T12:49:19.000365100] Mensaje recibido del servidor: updateTurnStatus
[2024-11-28T12:49:21.623451400] Mensaje recibido del servidor: tomarTablero
[2024-11-28T12:51:28.458441500] Conectado al servidor en localhost:12345
[2024-11-28T12:51:28.537446300] Mensaje recibido del servidor: getName
[2024-11-28T12:51:40.048746] Conectado al servidor en localhost:12345
[2024-11-28T12:51:40.148753300] Mensaje recibido del servidor: getName
[2024-11-28T12:51:48.364671] Mensaje recibido del servidor: start
[2024-11-28T12:51:48.365671400] Mensaje recibido del servidor: updateTurnStatus
[2024-11-28T12:51:48.381672600] Mensaje recibido del servidor: startTurn
[2024-11-28T12:51:48.382673500] Mensaje recibido del servidor: updateTurnStatus
[2024-11-28T12:51:49.982028] Mensaje recibido del servidor: tomarTablero
[2024-11-28T13:16:30.099129400] Conectado al servidor en localhost:12345
[2024-11-28T13:16:30.586165700] Mensaje recibido del servidor: getName
[2024-11-28T13:16:39.832055300] Conectado al servidor en localhost:12345
[2024-11-28T13:16:39.999066500] Mensaje recibido del servidor: getName
[2024-11-28T13:16:53.255585500] Mensaje recibido del servidor: start
[2024-11-28T13:16:53.256585800] Mensaje recibido del servidor: updateTurnStatus
[2024-11-28T13:16:53.266586700] Mensaje recibido del servidor: startTurn
[2024-11-28T13:16:53.281587400] Mensaje recibido del servidor: updateTurnStatus
[2024-11-28T13:16:55.265225300] Mensaje recibido del servidor: tomarTablero
[2024-11-28T16:35:07.706550300] Conectado al servidor en localhost:12345
[2024-11-28T16:35:08.047575900] Mensaje recibido del servidor: getName
[2024-11-28T17:13:07.223445100] Conectado al servidor en localhost:12345
[2024-11-28T17:13:07.320976200] Mensaje recibido del servidor: getName
[2024-11-28T17:13:16.872088600] Conectado al servidor en localhost:12345
[2024-11-28T17:13:16.890089800] Mensaje recibido del servidor: getName
[2024-11-28T19:03:06.994530900] Conectado al servidor en localhost:12345
[2024-11-28T19:03:07.218547600] Mensaje recibido del servidor: getName
[2024-11-28T19:03:14.569088400] Conectado al servidor en localhost:12345
[2024-11-28T19:03:14.637599900] Mensaje recibido del servidor: getName
[2024-11-28T19:03:45.418041800] Mensaje recibido del servidor: start
[2024-11-28T19:03:45.420041400] Mensaje recibido del servidor: updateTurnStatus
[2024-11-28T19:03:45.429042400] Mensaje recibido del servidor: startTurn
[2024-11-28T19:03:45.430042700] Mensaje recibido del servidor: updateTurnStatus
[2024-11-28T19:04:22.981454500] Mensaje recibido del servidor: recibirKraken
[2024-11-28T19:06:55.448321] Conectado al servidor en localhost:12345
[2024-11-28T19:06:55.657886300] Mensaje recibido del servidor: getName
[2024-11-28T19:07:09.642272900] Conectado al servidor en localhost:12345
[2024-11-28T19:07:09.702276100] Mensaje recibido del servidor: getName
[2024-11-28T19:07:50.159081200] Mensaje recibido del servidor: recibirKraken
[2024-11-28T19:09:35.683154300] Conectado al servidor en localhost:12345
[2024-11-28T19:09:35.847198500] Mensaje recibido del servidor: getName
[2024-11-28T19:09:57.646106400] Conectado al servidor en localhost:12345
[2024-11-28T19:09:57.764116300] Mensaje recibido del servidor: getName
[2024-11-28T19:10:37.665760700] Mensaje recibido del servidor: recibirKraken
[2024-11-28T19:12:12.914631500] Conectado al servidor en localhost:12345
[2024-11-28T19:12:13.304688500] Mensaje recibido del servidor: getName
[2024-11-28T19:12:25.757788500] Conectado al servidor en localhost:12345
[2024-11-28T19:12:25.801792] Mensaje recibido del servidor: getName
[2024-11-28T19:13:15.115408600] Mensaje recibido del servidor: recibirKraken
[2024-11-28T19:59:21.749181100] Conectado al servidor en localhost:12345
[2024-11-28T19:59:22.084227700] Mensaje recibido del servidor: getName
[2024-11-28T19:59:25.415954600] Conectado al servidor en localhost:12345
[2024-11-28T19:59:25.433955300] Mensaje recibido del servidor: getName
[2024-11-28T20:00:03.316921700] Mensaje recibido del servidor: start
[2024-11-28T20:00:03.318922900] Mensaje recibido del servidor: updateTurnStatus
[2024-11-28T20:00:03.326922900] Mensaje recibido del servidor: startTurn
[2024-11-28T20:00:03.327923200] Mensaje recibido del servidor: updateTurnStatus
[2024-11-28T20:00:08.597228700] Mensaje recibido del servidor: tomarTablero
[2024-11-28T20:00:08.607226600] Mensaje recibido del servidor: recibirTablero
[2024-11-28T20:00:10.669231700] Mensaje recibido del servidor: tomarTablero
[2024-11-28T20:00:10.675232300] Mensaje recibido del servidor: recibirTablero
[2024-11-28T20:00:19.316224900] Mensaje recibido del servidor: tomarTablero
[2024-11-28T20:00:19.319225200] Mensaje recibido del servidor: recibirTablero
[2024-11-28T20:00:22.179990700] Mensaje recibido del servidor: tomarTablero
[2024-11-28T20:00:22.182991300] Mensaje recibido del servidor: recibirTablero
[2024-11-28T20:00:40.156228800] Mensaje recibido del servidor: chat
[2024-11-28T20:00:40.156228800] Mensaje recibido del servidor: chat
[2024-11-28T20:01:04.150104300] Mensaje recibido del servidor: chat
[2024-11-28T20:01:04.150104300] Mensaje recibido del servidor: chat
[2024-11-28T20:01:16.284155100] Mensaje recibido del servidor: chat
[2024-11-28T20:01:16.284155100] Mensaje recibido del servidor: chat
[2024-11-28T20:01:35.274821200] Mensaje recibido del servidor: chat
[2024-11-28T20:01:35.275821200] Mensaje recibido del servidor: chat
[2024-11-30T22:18:19.017246700] Conectado al servidor en localhost:12345
[2024-11-30T22:18:19.733299900] Mensaje recibido del servidor: getName
[2024-11-30T22:18:27.280187200] Conectado al servidor en localhost:12345
[2024-11-30T22:18:27.339190600] Mensaje recibido del servidor: getName
[2024-11-30T22:19:31.837065500] Mensaje recibido del servidor: start
[2024-11-30T22:19:31.839066800] Mensaje recibido del servidor: updateTurnStatus
[2024-11-30T22:19:31.857067300] Mensaje recibido del servidor: startTurn
[2024-11-30T22:19:31.866067700] Mensaje recibido del servidor: updateTurnStatus
[2024-11-30T22:24:01.724838300] Mensaje recibido del servidor: sendOffer
[2024-11-30T22:24:13.555423900] Mensaje recibido del servidor: rejectOffer
[2024-11-30T22:25:12.997857600] Mensaje recibido del servidor: tomarTablero
[2024-11-30T22:25:13.002856600] Mensaje recibido del servidor: recibirTablero
[2024-11-30T22:25:13.314880] Mensaje recibido del servidor: tomarTablero
[2024-11-30T22:25:13.324881100] Mensaje recibido del servidor: recibirTablero
[2024-11-30T22:25:15.955340800] Mensaje recibido del servidor: chat
[2024-11-30T22:25:15.958340800] Mensaje recibido del servidor: chat
[2024-11-30T22:25:19.404840800] Mensaje recibido del servidor: chat
[2024-11-30T22:25:19.405840500] Mensaje recibido del servidor: chat
[2024-11-30T22:25:29.069553200] Mensaje recibido del servidor: updateTurnStatus
[2024-11-30T22:25:29.070553300] Mensaje recibido del servidor: startTurn
[2024-11-30T22:25:29.070553300] Mensaje recibido del servidor: updateTurnStatus
[2025-03-05T04:16:02.063171700] Conectado al servidor en localhost:12345
[2025-03-05T04:16:02.268671800] Mensaje recibido del servidor: getName
[2025-03-05T04:16:15.736944900] Conectado al servidor en localhost:12345
[2025-03-05T04:16:15.820963500] Mensaje recibido del servidor: getName
[2025-03-05T04:16:22.293667] Mensaje recibido del servidor: chat
[2025-03-05T04:16:26.094664900] Mensaje recibido del servidor: chat
[2025-03-05T04:17:03.701240500] Mensaje recibido del servidor: start
[2025-03-05T04:17:03.703240800] Mensaje recibido del servidor: updateTurnStatus
[2025-03-05T04:17:03.707241100] Mensaje recibido del servidor: startTurn
[2025-03-05T04:17:03.708240800] Mensaje recibido del servidor: updateTurnStatus
[2025-03-05T04:17:08.037289400] Mensaje recibido del servidor: tomarTablero
[2025-03-05T04:17:08.042288800] Mensaje recibido del servidor: recibirTablero
[2025-08-21T22:51:53.557951100] Conectado al servidor en localhost:12345
[2025-08-21T22:51:53.621955500] Mensaje recibido del servidor: getName
